[debug] [2026-02-15T13:53:34.701Z] [Firebase Plugin] Activating Firebase extension.
[debug] [2026-02-15T13:53:45.398Z] [Firebase Plugin] requireAuthWrapper
[debug] [2026-02-15T13:53:45.503Z] > command requires scopes: ["email","openid","https://www.googleapis.com/auth/cloudplatformprojects.readonly","https://www.googleapis.com/auth/firebase","https://www.googleapis.com/auth/cloud-platform"]
[debug] [2026-02-15T13:53:45.511Z] > authorizing via signed-in user (omer.cohen@bimagics.com)
[debug] [2026-02-15T13:53:45.519Z] Checked if tokens are valid: false, expires at: 1770821768061
[debug] [2026-02-15T13:53:45.520Z] Checked if tokens are valid: false, expires at: 1770821768061
[debug] [2026-02-15T13:53:45.520Z] > refreshing access token with scopes: []
[debug] [2026-02-15T13:53:45.525Z] >>> [apiv2][query] POST https://www.googleapis.com/oauth2/v3/token [none]
[debug] [2026-02-15T13:53:45.526Z] >>> [apiv2][body] POST https://www.googleapis.com/oauth2/v3/token [omitted]
[debug] [2026-02-15T13:53:47.107Z] Field "/hosting" in "firebase.json" is possibly invalid: must be object
[debug] [2026-02-15T13:53:47.108Z] Object "/hosting/0" in "firebase.json" is missing required property: {"missingProperty":"target"}
[debug] [2026-02-15T13:53:47.113Z] Object "/hosting/0/rewrites/0" in "firebase.json" is missing required property: {"missingProperty":"destination"}
[debug] [2026-02-15T13:53:47.121Z] Object "/hosting/0/rewrites/0" in "firebase.json" is missing required property: {"missingProperty":"function"}
[debug] [2026-02-15T13:53:47.122Z] Object "/hosting/0/rewrites/0" in "firebase.json" is missing required property: {"missingProperty":"function"}
[debug] [2026-02-15T13:53:47.123Z] Object "/hosting/0/rewrites/0" in "firebase.json" is missing required property: {"missingProperty":"glob"}
[debug] [2026-02-15T13:53:47.124Z] Object "/hosting/0/rewrites/0" in "firebase.json" is missing required property: {"missingProperty":"dynamicLinks"}
[debug] [2026-02-15T13:53:47.126Z] Object "/hosting/0/rewrites/0" in "firebase.json" is missing required property: {"missingProperty":"destination"}
[debug] [2026-02-15T13:53:47.126Z] Object "/hosting/0/rewrites/0" in "firebase.json" is missing required property: {"missingProperty":"function"}
[debug] [2026-02-15T13:53:47.126Z] Object "/hosting/0/rewrites/0" in "firebase.json" is missing required property: {"missingProperty":"function"}
[debug] [2026-02-15T13:53:47.127Z] Object "/hosting/0/rewrites/0/run" in "firebase.json" has unknown property: {"additionalProperty":"serviceAccount"}
[debug] [2026-02-15T13:53:47.127Z] Object "/hosting/0/rewrites/0" in "firebase.json" is missing required property: {"missingProperty":"dynamicLinks"}
[debug] [2026-02-15T13:53:47.130Z] Object "/hosting/0/rewrites/0" in "firebase.json" is missing required property: {"missingProperty":"destination"}
[debug] [2026-02-15T13:53:47.133Z] Object "/hosting/0/rewrites/0" in "firebase.json" is missing required property: {"missingProperty":"function"}
[debug] [2026-02-15T13:53:47.143Z] Object "/hosting/0/rewrites/0" in "firebase.json" is missing required property: {"missingProperty":"function"}
[debug] [2026-02-15T13:53:47.143Z] Object "/hosting/0/rewrites/0" in "firebase.json" is missing required property: {"missingProperty":"regex"}
[debug] [2026-02-15T13:53:47.155Z] Object "/hosting/0/rewrites/0" in "firebase.json" is missing required property: {"missingProperty":"dynamicLinks"}
[debug] [2026-02-15T13:53:47.156Z] Field "/hosting/0/rewrites/0" in "firebase.json" is possibly invalid: must match a schema in anyOf
[debug] [2026-02-15T13:53:47.157Z] Field "/hosting/0" in "firebase.json" is possibly invalid: must match a schema in anyOf
[debug] [2026-02-15T13:53:47.158Z] Field "/hosting" in "firebase.json" is possibly invalid: must match a schema in anyOf
[info] [Firebase Plugin] Starting Data Connect toolkit (version 3.1.1) on port 50003
[debug] [2026-02-15T13:53:48.819Z] 'fdc build' failed with error: Unable to build your Data Connect schema and connectors (exit code 1): E0215 15:53:48.604184    2024 cmd.go:43] Error loading data connect config: could not find dataconnect.yaml in `c:\Users\Omer Cohen\wizbi\template-base\dataconnect`
 {"metadata":{"emulator":{"name":"dataconnect"},"message":"'fdc build' failed with error: Unable to build your Data Connect schema and connectors (exit code 1): E0215 15:53:48.604184    2024 cmd.go:43] Error loading data connect config: could not find dataconnect.yaml in `c:\\Users\\Omer Cohen\\wizbi\\template-base\\dataconnect`\n"}}
[debug] [2026-02-15T13:53:48.821Z] Ignoring unsupported arg: auto_download {"metadata":{"emulator":{"name":"dataconnect"},"message":"Ignoring unsupported arg: auto_download"}}
[debug] [2026-02-15T13:53:48.821Z] Ignoring unsupported arg: port {"metadata":{"emulator":{"name":"dataconnect"},"message":"Ignoring unsupported arg: port"}}
[debug] [2026-02-15T13:53:48.822Z] Starting Data Connect Emulator with command {"binary":"C:\\Users\\Omer Cohen\\.cache\\firebase\\emulators\\dataconnect-emulator-3.1.1.exe","args":["--logtostderr","-v=2","dev","--listen=localhost:50003","--config_dir=c:\\Users\\Omer Cohen\\wizbi\\template-base\\dataconnect","--enable_output_schema_extensions=true","--enable_output_generated_sdk=true"],"optionalArgs":["listen","config_dir","enable_output_schema_extensions","enable_output_generated_sdk"],"joinArgs":true,"shell":false,"port":9399} {"metadata":{"emulator":{"name":"dataconnect"},"message":"Starting Data Connect Emulator with command {\"binary\":\"C:\\\\Users\\\\Omer Cohen\\\\.cache\\\\firebase\\\\emulators\\\\dataconnect-emulator-3.1.1.exe\",\"args\":[\"--logtostderr\",\"-v=2\",\"dev\",\"--listen=localhost:50003\",\"--config_dir=c:\\\\Users\\\\Omer Cohen\\\\wizbi\\\\template-base\\\\dataconnect\",\"--enable_output_schema_extensions=true\",\"--enable_output_generated_sdk=true\"],\"optionalArgs\":[\"listen\",\"config_dir\",\"enable_output_schema_extensions\",\"enable_output_generated_sdk\"],\"joinArgs\":true,\"shell\":false,\"port\":9399}"}}
[info] i  dataconnect: Data Connect Emulator logging to dataconnect-debug.log {"metadata":{"emulator":{"name":"dataconnect"},"message":"Data Connect Emulator logging to \u001b[1mdataconnect-debug.log\u001b[22m"}}
[debug] [2026-02-15T13:53:49.308Z] <<< [apiv2][status] POST https://www.googleapis.com/oauth2/v3/token 400
[debug] [2026-02-15T13:53:49.309Z] <<< [apiv2][body] POST https://www.googleapis.com/oauth2/v3/token [omitted]
[error] Authentication Error: Your credentials are no longer valid. Please run firebase login --reauth

For CI servers and headless environments, generate a new token with firebase login:ci
[error] Authentication Error: Your credentials are no longer valid. Please run firebase login --reauth

For CI servers and headless environments, generate a new token with firebase login:ci
[error] [Firebase Plugin] requireAuth error: Authentication Error: Your credentials are no longer valid. Please run firebase login --reauth

For CI servers and headless environments, generate a new token with firebase login:ci
[debug] [2026-02-15T13:53:50.430Z] E0215 15:53:49.644698   29848 dev.go:83] Failed to load initial config from "c:\\Users\\Omer Cohen\\wizbi\\template-base\\dataconnect": could not find dataconnect.yaml in `c:\Users\Omer Cohen\wizbi\template-base\dataconnect`
E0215 15:53:49.721751   29848 watch.go:116] watchAllDir unable to walk dir `c:\Users\Omer Cohen\wizbi\template-base\dataconnect`: CreateFile c:\Users\Omer Cohen\wizbi\template-base\dataconnect: The system cannot find the file specified.
I0215 15:53:50.016602   29848 dev.go:104] Listening on address (HTTP + gRPC): 127.0.0.1:50003
 {"metadata":{"emulator":{"name":"dataconnect"},"message":"E0215 15:53:49.644698   29848 dev.go:83] Failed to load initial config from \"c:\\\\Users\\\\Omer Cohen\\\\wizbi\\\\template-base\\\\dataconnect\": could not find dataconnect.yaml in `c:\\Users\\Omer Cohen\\wizbi\\template-base\\dataconnect`\nE0215 15:53:49.721751   29848 watch.go:116] watchAllDir unable to walk dir `c:\\Users\\Omer Cohen\\wizbi\\template-base\\dataconnect`: CreateFile c:\\Users\\Omer Cohen\\wizbi\\template-base\\dataconnect: The system cannot find the file specified.\nI0215 15:53:50.016602   29848 dev.go:104] Listening on address (HTTP + gRPC): 127.0.0.1:50003\n"}}
[error] [Firebase Plugin] error:  {}
[debug] [2026-02-15T13:53:59.865Z] E0215 15:53:59.864578   29848 watch.go:40] Failed to load config from "c:\\Users\\Omer Cohen\\wizbi\\template-base\\dataconnect": could not find dataconnect.yaml in `c:\Users\Omer Cohen\wizbi\template-base\dataconnect`
 {"metadata":{"emulator":{"name":"dataconnect"},"message":"E0215 15:53:59.864578   29848 watch.go:40] Failed to load config from \"c:\\\\Users\\\\Omer Cohen\\\\wizbi\\\\template-base\\\\dataconnect\": could not find dataconnect.yaml in `c:\\Users\\Omer Cohen\\wizbi\\template-base\\dataconnect`\n"}}
[debug] [2026-02-15T13:54:09.863Z] E0215 15:54:09.862842   29848 watch.go:40] Failed to load config from "c:\\Users\\Omer Cohen\\wizbi\\template-base\\dataconnect": could not find dataconnect.yaml in `c:\Users\Omer Cohen\wizbi\template-base\dataconnect`
 {"metadata":{"emulator":{"name":"dataconnect"},"message":"E0215 15:54:09.862842   29848 watch.go:40] Failed to load config from \"c:\\\\Users\\\\Omer Cohen\\\\wizbi\\\\template-base\\\\dataconnect\": could not find dataconnect.yaml in `c:\\Users\\Omer Cohen\\wizbi\\template-base\\dataconnect`\n"}}
[debug] [2026-02-15T13:54:19.863Z] E0215 15:54:19.863048   29848 watch.go:40] Failed to load config from "c:\\Users\\Omer Cohen\\wizbi\\template-base\\dataconnect": could not find dataconnect.yaml in `c:\Users\Omer Cohen\wizbi\template-base\dataconnect`
 {"metadata":{"emulator":{"name":"dataconnect"},"message":"E0215 15:54:19.863048   29848 watch.go:40] Failed to load config from \"c:\\\\Users\\\\Omer Cohen\\\\wizbi\\\\template-base\\\\dataconnect\": could not find dataconnect.yaml in `c:\\Users\\Omer Cohen\\wizbi\\template-base\\dataconnect`\n"}}
[debug] [2026-02-15T13:54:29.863Z] E0215 15:54:29.862859   29848 watch.go:40] Failed to load config from "c:\\Users\\Omer Cohen\\wizbi\\template-base\\dataconnect": could not find dataconnect.yaml in `c:\Users\Omer Cohen\wizbi\template-base\dataconnect`
 {"metadata":{"emulator":{"name":"dataconnect"},"message":"E0215 15:54:29.862859   29848 watch.go:40] Failed to load config from \"c:\\\\Users\\\\Omer Cohen\\\\wizbi\\\\template-base\\\\dataconnect\": could not find dataconnect.yaml in `c:\\Users\\Omer Cohen\\wizbi\\template-base\\dataconnect`\n"}}
[debug] [2026-02-15T13:54:39.863Z] E0215 15:54:39.862346   29848 watch.go:40] Failed to load config from "c:\\Users\\Omer Cohen\\wizbi\\template-base\\dataconnect": could not find dataconnect.yaml in `c:\Users\Omer Cohen\wizbi\template-base\dataconnect`
 {"metadata":{"emulator":{"name":"dataconnect"},"message":"E0215 15:54:39.862346   29848 watch.go:40] Failed to load config from \"c:\\\\Users\\\\Omer Cohen\\\\wizbi\\\\template-base\\\\dataconnect\": could not find dataconnect.yaml in `c:\\Users\\Omer Cohen\\wizbi\\template-base\\dataconnect`\n"}}
[debug] [2026-02-15T13:54:49.864Z] E0215 15:54:49.863213   29848 watch.go:40] Failed to load config from "c:\\Users\\Omer Cohen\\wizbi\\template-base\\dataconnect": could not find dataconnect.yaml in `c:\Users\Omer Cohen\wizbi\template-base\dataconnect`
 {"metadata":{"emulator":{"name":"dataconnect"},"message":"E0215 15:54:49.863213   29848 watch.go:40] Failed to load config from \"c:\\\\Users\\\\Omer Cohen\\\\wizbi\\\\template-base\\\\dataconnect\": could not find dataconnect.yaml in `c:\\Users\\Omer Cohen\\wizbi\\template-base\\dataconnect`\n"}}
[debug] [2026-02-15T13:54:49.871Z] E0215 15:54:49.862160   29848 watch.go:116] watchAllDir unable to walk dir `c:\Users\Omer Cohen\wizbi\template-base\dataconnect`: CreateFile c:\Users\Omer Cohen\wizbi\template-base\dataconnect: The system cannot find the file specified.
 {"metadata":{"emulator":{"name":"dataconnect"},"message":"E0215 15:54:49.862160   29848 watch.go:116] watchAllDir unable to walk dir `c:\\Users\\Omer Cohen\\wizbi\\template-base\\dataconnect`: CreateFile c:\\Users\\Omer Cohen\\wizbi\\template-base\\dataconnect: The system cannot find the file specified.\n"}}
[debug] [2026-02-15T13:55:01.782Z] E0215 15:54:59.862265   29848 watch.go:40] Failed to load config from "c:\\Users\\Omer Cohen\\wizbi\\template-base\\dataconnect": could not find dataconnect.yaml in `c:\Users\Omer Cohen\wizbi\template-base\dataconnect`
 {"metadata":{"emulator":{"name":"dataconnect"},"message":"E0215 15:54:59.862265   29848 watch.go:40] Failed to load config from \"c:\\\\Users\\\\Omer Cohen\\\\wizbi\\\\template-base\\\\dataconnect\": could not find dataconnect.yaml in `c:\\Users\\Omer Cohen\\wizbi\\template-base\\dataconnect`\n"}}
[debug] [2026-02-15T13:55:09.863Z] E0215 15:55:09.861671   29848 watch.go:40] Failed to load config from "c:\\Users\\Omer Cohen\\wizbi\\template-base\\dataconnect": could not find dataconnect.yaml in `c:\Users\Omer Cohen\wizbi\template-base\dataconnect`
 {"metadata":{"emulator":{"name":"dataconnect"},"message":"E0215 15:55:09.861671   29848 watch.go:40] Failed to load config from \"c:\\\\Users\\\\Omer Cohen\\\\wizbi\\\\template-base\\\\dataconnect\": could not find dataconnect.yaml in `c:\\Users\\Omer Cohen\\wizbi\\template-base\\dataconnect`\n"}}
[debug] [2026-02-15T13:55:19.861Z] E0215 15:55:19.861255   29848 watch.go:40] Failed to load config from "c:\\Users\\Omer Cohen\\wizbi\\template-base\\dataconnect": could not find dataconnect.yaml in `c:\Users\Omer Cohen\wizbi\template-base\dataconnect`
 {"metadata":{"emulator":{"name":"dataconnect"},"message":"E0215 15:55:19.861255   29848 watch.go:40] Failed to load config from \"c:\\\\Users\\\\Omer Cohen\\\\wizbi\\\\template-base\\\\dataconnect\": could not find dataconnect.yaml in `c:\\Users\\Omer Cohen\\wizbi\\template-base\\dataconnect`\n"}}
[debug] [2026-02-15T13:55:29.861Z] E0215 15:55:29.861183   29848 watch.go:40] Failed to load config from "c:\\Users\\Omer Cohen\\wizbi\\template-base\\dataconnect": could not find dataconnect.yaml in `c:\Users\Omer Cohen\wizbi\template-base\dataconnect`
 {"metadata":{"emulator":{"name":"dataconnect"},"message":"E0215 15:55:29.861183   29848 watch.go:40] Failed to load config from \"c:\\\\Users\\\\Omer Cohen\\\\wizbi\\\\template-base\\\\dataconnect\": could not find dataconnect.yaml in `c:\\Users\\Omer Cohen\\wizbi\\template-base\\dataconnect`\n"}}
[debug] [2026-02-15T13:55:39.861Z] E0215 15:55:39.861565   29848 watch.go:40] Failed to load config from "c:\\Users\\Omer Cohen\\wizbi\\template-base\\dataconnect": could not find dataconnect.yaml in `c:\Users\Omer Cohen\wizbi\template-base\dataconnect`
 {"metadata":{"emulator":{"name":"dataconnect"},"message":"E0215 15:55:39.861565   29848 watch.go:40] Failed to load config from \"c:\\\\Users\\\\Omer Cohen\\\\wizbi\\\\template-base\\\\dataconnect\": could not find dataconnect.yaml in `c:\\Users\\Omer Cohen\\wizbi\\template-base\\dataconnect`\n"}}
[debug] [2026-02-15T13:55:49.861Z] E0215 15:55:49.861411   29848 watch.go:40] Failed to load config from "c:\\Users\\Omer Cohen\\wizbi\\template-base\\dataconnect": could not find dataconnect.yaml in `c:\Users\Omer Cohen\wizbi\template-base\dataconnect`
 {"metadata":{"emulator":{"name":"dataconnect"},"message":"E0215 15:55:49.861411   29848 watch.go:40] Failed to load config from \"c:\\\\Users\\\\Omer Cohen\\\\wizbi\\\\template-base\\\\dataconnect\": could not find dataconnect.yaml in `c:\\Users\\Omer Cohen\\wizbi\\template-base\\dataconnect`\n"}}
[debug] [2026-02-15T13:55:49.869Z] E0215 15:55:49.862466   29848 watch.go:116] watchAllDir unable to walk dir `c:\Users\Omer Cohen\wizbi\template-base\dataconnect`: CreateFile c:\Users\Omer Cohen\wizbi\template-base\dataconnect: The system cannot find the file specified.
 {"metadata":{"emulator":{"name":"dataconnect"},"message":"E0215 15:55:49.862466   29848 watch.go:116] watchAllDir unable to walk dir `c:\\Users\\Omer Cohen\\wizbi\\template-base\\dataconnect`: CreateFile c:\\Users\\Omer Cohen\\wizbi\\template-base\\dataconnect: The system cannot find the file specified.\n"}}
[debug] [2026-02-15T13:56:01.056Z] E0215 15:55:59.873193   29848 watch.go:40] Failed to load config from "c:\\Users\\Omer Cohen\\wizbi\\template-base\\dataconnect": could not find dataconnect.yaml in `c:\Users\Omer Cohen\wizbi\template-base\dataconnect`
 {"metadata":{"emulator":{"name":"dataconnect"},"message":"E0215 15:55:59.873193   29848 watch.go:40] Failed to load config from \"c:\\\\Users\\\\Omer Cohen\\\\wizbi\\\\template-base\\\\dataconnect\": could not find dataconnect.yaml in `c:\\Users\\Omer Cohen\\wizbi\\template-base\\dataconnect`\n"}}
[debug] [2026-02-15T13:56:09.861Z] E0215 15:56:09.860294   29848 watch.go:40] Failed to load config from "c:\\Users\\Omer Cohen\\wizbi\\template-base\\dataconnect": could not find dataconnect.yaml in `c:\Users\Omer Cohen\wizbi\template-base\dataconnect`
 {"metadata":{"emulator":{"name":"dataconnect"},"message":"E0215 15:56:09.860294   29848 watch.go:40] Failed to load config from \"c:\\\\Users\\\\Omer Cohen\\\\wizbi\\\\template-base\\\\dataconnect\": could not find dataconnect.yaml in `c:\\Users\\Omer Cohen\\wizbi\\template-base\\dataconnect`\n"}}
[debug] [2026-02-15T13:56:19.860Z] E0215 15:56:19.860506   29848 watch.go:40] Failed to load config from "c:\\Users\\Omer Cohen\\wizbi\\template-base\\dataconnect": could not find dataconnect.yaml in `c:\Users\Omer Cohen\wizbi\template-base\dataconnect`
 {"metadata":{"emulator":{"name":"dataconnect"},"message":"E0215 15:56:19.860506   29848 watch.go:40] Failed to load config from \"c:\\\\Users\\\\Omer Cohen\\\\wizbi\\\\template-base\\\\dataconnect\": could not find dataconnect.yaml in `c:\\Users\\Omer Cohen\\wizbi\\template-base\\dataconnect`\n"}}
[debug] [2026-02-15T13:56:29.861Z] E0215 15:56:29.860559   29848 watch.go:40] Failed to load config from "c:\\Users\\Omer Cohen\\wizbi\\template-base\\dataconnect": could not find dataconnect.yaml in `c:\Users\Omer Cohen\wizbi\template-base\dataconnect`
 {"metadata":{"emulator":{"name":"dataconnect"},"message":"E0215 15:56:29.860559   29848 watch.go:40] Failed to load config from \"c:\\\\Users\\\\Omer Cohen\\\\wizbi\\\\template-base\\\\dataconnect\": could not find dataconnect.yaml in `c:\\Users\\Omer Cohen\\wizbi\\template-base\\dataconnect`\n"}}
[debug] [2026-02-15T13:56:39.860Z] E0215 15:56:39.860593   29848 watch.go:40] Failed to load config from "c:\\Users\\Omer Cohen\\wizbi\\template-base\\dataconnect": could not find dataconnect.yaml in `c:\Users\Omer Cohen\wizbi\template-base\dataconnect`
 {"metadata":{"emulator":{"name":"dataconnect"},"message":"E0215 15:56:39.860593   29848 watch.go:40] Failed to load config from \"c:\\\\Users\\\\Omer Cohen\\\\wizbi\\\\template-base\\\\dataconnect\": could not find dataconnect.yaml in `c:\\Users\\Omer Cohen\\wizbi\\template-base\\dataconnect`\n"}}
[debug] [2026-02-15T13:56:49.861Z] E0215 15:56:49.860597   29848 watch.go:40] Failed to load config from "c:\\Users\\Omer Cohen\\wizbi\\template-base\\dataconnect": could not find dataconnect.yaml in `c:\Users\Omer Cohen\wizbi\template-base\dataconnect`
 {"metadata":{"emulator":{"name":"dataconnect"},"message":"E0215 15:56:49.860597   29848 watch.go:40] Failed to load config from \"c:\\\\Users\\\\Omer Cohen\\\\wizbi\\\\template-base\\\\dataconnect\": could not find dataconnect.yaml in `c:\\Users\\Omer Cohen\\wizbi\\template-base\\dataconnect`\n"}}
[debug] [2026-02-15T13:56:49.862Z] E0215 15:56:49.860075   29848 watch.go:116] watchAllDir unable to walk dir `c:\Users\Omer Cohen\wizbi\template-base\dataconnect`: CreateFile c:\Users\Omer Cohen\wizbi\template-base\dataconnect: The system cannot find the file specified.
 {"metadata":{"emulator":{"name":"dataconnect"},"message":"E0215 15:56:49.860075   29848 watch.go:116] watchAllDir unable to walk dir `c:\\Users\\Omer Cohen\\wizbi\\template-base\\dataconnect`: CreateFile c:\\Users\\Omer Cohen\\wizbi\\template-base\\dataconnect: The system cannot find the file specified.\n"}}
[debug] [2026-02-15T13:56:59.861Z] E0215 15:56:59.860892   29848 watch.go:40] Failed to load config from "c:\\Users\\Omer Cohen\\wizbi\\template-base\\dataconnect": could not find dataconnect.yaml in `c:\Users\Omer Cohen\wizbi\template-base\dataconnect`
 {"metadata":{"emulator":{"name":"dataconnect"},"message":"E0215 15:56:59.860892   29848 watch.go:40] Failed to load config from \"c:\\\\Users\\\\Omer Cohen\\\\wizbi\\\\template-base\\\\dataconnect\": could not find dataconnect.yaml in `c:\\Users\\Omer Cohen\\wizbi\\template-base\\dataconnect`\n"}}
[debug] [2026-02-15T13:57:09.864Z] E0215 15:57:09.860909   29848 watch.go:40] Failed to load config from "c:\\Users\\Omer Cohen\\wizbi\\template-base\\dataconnect": could not find dataconnect.yaml in `c:\Users\Omer Cohen\wizbi\template-base\dataconnect`
 {"metadata":{"emulator":{"name":"dataconnect"},"message":"E0215 15:57:09.860909   29848 watch.go:40] Failed to load config from \"c:\\\\Users\\\\Omer Cohen\\\\wizbi\\\\template-base\\\\dataconnect\": could not find dataconnect.yaml in `c:\\Users\\Omer Cohen\\wizbi\\template-base\\dataconnect`\n"}}
[debug] [2026-02-15T13:57:19.860Z] E0215 15:57:19.859674   29848 watch.go:40] Failed to load config from "c:\\Users\\Omer Cohen\\wizbi\\template-base\\dataconnect": could not find dataconnect.yaml in `c:\Users\Omer Cohen\wizbi\template-base\dataconnect`
 {"metadata":{"emulator":{"name":"dataconnect"},"message":"E0215 15:57:19.859674   29848 watch.go:40] Failed to load config from \"c:\\\\Users\\\\Omer Cohen\\\\wizbi\\\\template-base\\\\dataconnect\": could not find dataconnect.yaml in `c:\\Users\\Omer Cohen\\wizbi\\template-base\\dataconnect`\n"}}
[debug] [2026-02-15T13:57:29.860Z] E0215 15:57:29.860125   29848 watch.go:40] Failed to load config from "c:\\Users\\Omer Cohen\\wizbi\\template-base\\dataconnect": could not find dataconnect.yaml in `c:\Users\Omer Cohen\wizbi\template-base\dataconnect`
 {"metadata":{"emulator":{"name":"dataconnect"},"message":"E0215 15:57:29.860125   29848 watch.go:40] Failed to load config from \"c:\\\\Users\\\\Omer Cohen\\\\wizbi\\\\template-base\\\\dataconnect\": could not find dataconnect.yaml in `c:\\Users\\Omer Cohen\\wizbi\\template-base\\dataconnect`\n"}}
[debug] [2026-02-15T13:57:39.864Z] E0215 15:57:39.859805   29848 watch.go:40] Failed to load config from "c:\\Users\\Omer Cohen\\wizbi\\template-base\\dataconnect": could not find dataconnect.yaml in `c:\Users\Omer Cohen\wizbi\template-base\dataconnect`
 {"metadata":{"emulator":{"name":"dataconnect"},"message":"E0215 15:57:39.859805   29848 watch.go:40] Failed to load config from \"c:\\\\Users\\\\Omer Cohen\\\\wizbi\\\\template-base\\\\dataconnect\": could not find dataconnect.yaml in `c:\\Users\\Omer Cohen\\wizbi\\template-base\\dataconnect`\n"}}
[debug] [2026-02-15T13:57:49.860Z] E0215 15:57:49.860150   29848 watch.go:40] Failed to load config from "c:\\Users\\Omer Cohen\\wizbi\\template-base\\dataconnect": could not find dataconnect.yaml in `c:\Users\Omer Cohen\wizbi\template-base\dataconnect`
 {"metadata":{"emulator":{"name":"dataconnect"},"message":"E0215 15:57:49.860150   29848 watch.go:40] Failed to load config from \"c:\\\\Users\\\\Omer Cohen\\\\wizbi\\\\template-base\\\\dataconnect\": could not find dataconnect.yaml in `c:\\Users\\Omer Cohen\\wizbi\\template-base\\dataconnect`\n"}}
[debug] [2026-02-15T13:57:49.877Z] E0215 15:57:49.863398   29848 watch.go:116] watchAllDir unable to walk dir `c:\Users\Omer Cohen\wizbi\template-base\dataconnect`: CreateFile c:\Users\Omer Cohen\wizbi\template-base\dataconnect: The system cannot find the file specified.
 {"metadata":{"emulator":{"name":"dataconnect"},"message":"E0215 15:57:49.863398   29848 watch.go:116] watchAllDir unable to walk dir `c:\\Users\\Omer Cohen\\wizbi\\template-base\\dataconnect`: CreateFile c:\\Users\\Omer Cohen\\wizbi\\template-base\\dataconnect: The system cannot find the file specified.\n"}}
[debug] [2026-02-15T13:57:59.863Z] E0215 15:57:59.862334   29848 watch.go:40] Failed to load config from "c:\\Users\\Omer Cohen\\wizbi\\template-base\\dataconnect": could not find dataconnect.yaml in `c:\Users\Omer Cohen\wizbi\template-base\dataconnect`
 {"metadata":{"emulator":{"name":"dataconnect"},"message":"E0215 15:57:59.862334   29848 watch.go:40] Failed to load config from \"c:\\\\Users\\\\Omer Cohen\\\\wizbi\\\\template-base\\\\dataconnect\": could not find dataconnect.yaml in `c:\\Users\\Omer Cohen\\wizbi\\template-base\\dataconnect`\n"}}
[debug] [2026-02-15T13:58:09.860Z] E0215 15:58:09.859628   29848 watch.go:40] Failed to load config from "c:\\Users\\Omer Cohen\\wizbi\\template-base\\dataconnect": could not find dataconnect.yaml in `c:\Users\Omer Cohen\wizbi\template-base\dataconnect`
 {"metadata":{"emulator":{"name":"dataconnect"},"message":"E0215 15:58:09.859628   29848 watch.go:40] Failed to load config from \"c:\\\\Users\\\\Omer Cohen\\\\wizbi\\\\template-base\\\\dataconnect\": could not find dataconnect.yaml in `c:\\Users\\Omer Cohen\\wizbi\\template-base\\dataconnect`\n"}}
[debug] [2026-02-15T13:58:19.860Z] E0215 15:58:19.859754   29848 watch.go:40] Failed to load config from "c:\\Users\\Omer Cohen\\wizbi\\template-base\\dataconnect": could not find dataconnect.yaml in `c:\Users\Omer Cohen\wizbi\template-base\dataconnect`
 {"metadata":{"emulator":{"name":"dataconnect"},"message":"E0215 15:58:19.859754   29848 watch.go:40] Failed to load config from \"c:\\\\Users\\\\Omer Cohen\\\\wizbi\\\\template-base\\\\dataconnect\": could not find dataconnect.yaml in `c:\\Users\\Omer Cohen\\wizbi\\template-base\\dataconnect`\n"}}
[debug] [2026-02-15T13:58:29.859Z] E0215 15:58:29.858856   29848 watch.go:40] Failed to load config from "c:\\Users\\Omer Cohen\\wizbi\\template-base\\dataconnect": could not find dataconnect.yaml in `c:\Users\Omer Cohen\wizbi\template-base\dataconnect`
 {"metadata":{"emulator":{"name":"dataconnect"},"message":"E0215 15:58:29.858856   29848 watch.go:40] Failed to load config from \"c:\\\\Users\\\\Omer Cohen\\\\wizbi\\\\template-base\\\\dataconnect\": could not find dataconnect.yaml in `c:\\Users\\Omer Cohen\\wizbi\\template-base\\dataconnect`\n"}}
[debug] [2026-02-15T13:58:39.859Z] E0215 15:58:39.858903   29848 watch.go:40] Failed to load config from "c:\\Users\\Omer Cohen\\wizbi\\template-base\\dataconnect": could not find dataconnect.yaml in `c:\Users\Omer Cohen\wizbi\template-base\dataconnect`
 {"metadata":{"emulator":{"name":"dataconnect"},"message":"E0215 15:58:39.858903   29848 watch.go:40] Failed to load config from \"c:\\\\Users\\\\Omer Cohen\\\\wizbi\\\\template-base\\\\dataconnect\": could not find dataconnect.yaml in `c:\\Users\\Omer Cohen\\wizbi\\template-base\\dataconnect`\n"}}
[debug] [2026-02-15T13:58:49.859Z] E0215 15:58:49.858594   29848 watch.go:40] Failed to load config from "c:\\Users\\Omer Cohen\\wizbi\\template-base\\dataconnect": could not find dataconnect.yaml in `c:\Users\Omer Cohen\wizbi\template-base\dataconnect`
 {"metadata":{"emulator":{"name":"dataconnect"},"message":"E0215 15:58:49.858594   29848 watch.go:40] Failed to load config from \"c:\\\\Users\\\\Omer Cohen\\\\wizbi\\\\template-base\\\\dataconnect\": could not find dataconnect.yaml in `c:\\Users\\Omer Cohen\\wizbi\\template-base\\dataconnect`\n"}}
[debug] [2026-02-15T13:58:49.860Z] E0215 15:58:49.858594   29848 watch.go:116] watchAllDir unable to walk dir `c:\Users\Omer Cohen\wizbi\template-base\dataconnect`: CreateFile c:\Users\Omer Cohen\wizbi\template-base\dataconnect: The system cannot find the file specified.
 {"metadata":{"emulator":{"name":"dataconnect"},"message":"E0215 15:58:49.858594   29848 watch.go:116] watchAllDir unable to walk dir `c:\\Users\\Omer Cohen\\wizbi\\template-base\\dataconnect`: CreateFile c:\\Users\\Omer Cohen\\wizbi\\template-base\\dataconnect: The system cannot find the file specified.\n"}}
[debug] [2026-02-15T13:58:59.860Z] E0215 15:58:59.859439   29848 watch.go:40] Failed to load config from "c:\\Users\\Omer Cohen\\wizbi\\template-base\\dataconnect": could not find dataconnect.yaml in `c:\Users\Omer Cohen\wizbi\template-base\dataconnect`
 {"metadata":{"emulator":{"name":"dataconnect"},"message":"E0215 15:58:59.859439   29848 watch.go:40] Failed to load config from \"c:\\\\Users\\\\Omer Cohen\\\\wizbi\\\\template-base\\\\dataconnect\": could not find dataconnect.yaml in `c:\\Users\\Omer Cohen\\wizbi\\template-base\\dataconnect`\n"}}
[debug] [2026-02-15T13:59:09.859Z] E0215 15:59:09.858331   29848 watch.go:40] Failed to load config from "c:\\Users\\Omer Cohen\\wizbi\\template-base\\dataconnect": could not find dataconnect.yaml in `c:\Users\Omer Cohen\wizbi\template-base\dataconnect`
 {"metadata":{"emulator":{"name":"dataconnect"},"message":"E0215 15:59:09.858331   29848 watch.go:40] Failed to load config from \"c:\\\\Users\\\\Omer Cohen\\\\wizbi\\\\template-base\\\\dataconnect\": could not find dataconnect.yaml in `c:\\Users\\Omer Cohen\\wizbi\\template-base\\dataconnect`\n"}}
[debug] [2026-02-15T13:59:19.858Z] E0215 15:59:19.858103   29848 watch.go:40] Failed to load config from "c:\\Users\\Omer Cohen\\wizbi\\template-base\\dataconnect": could not find dataconnect.yaml in `c:\Users\Omer Cohen\wizbi\template-base\dataconnect`
 {"metadata":{"emulator":{"name":"dataconnect"},"message":"E0215 15:59:19.858103   29848 watch.go:40] Failed to load config from \"c:\\\\Users\\\\Omer Cohen\\\\wizbi\\\\template-base\\\\dataconnect\": could not find dataconnect.yaml in `c:\\Users\\Omer Cohen\\wizbi\\template-base\\dataconnect`\n"}}
[debug] [2026-02-15T13:59:29.871Z] E0215 15:59:29.859250   29848 watch.go:40] Failed to load config from "c:\\Users\\Omer Cohen\\wizbi\\template-base\\dataconnect": could not find dataconnect.yaml in `c:\Users\Omer Cohen\wizbi\template-base\dataconnect`
 {"metadata":{"emulator":{"name":"dataconnect"},"message":"E0215 15:59:29.859250   29848 watch.go:40] Failed to load config from \"c:\\\\Users\\\\Omer Cohen\\\\wizbi\\\\template-base\\\\dataconnect\": could not find dataconnect.yaml in `c:\\Users\\Omer Cohen\\wizbi\\template-base\\dataconnect`\n"}}
[debug] [2026-02-15T13:59:39.859Z] E0215 15:59:39.858935   29848 watch.go:40] Failed to load config from "c:\\Users\\Omer Cohen\\wizbi\\template-base\\dataconnect": could not find dataconnect.yaml in `c:\Users\Omer Cohen\wizbi\template-base\dataconnect`
 {"metadata":{"emulator":{"name":"dataconnect"},"message":"E0215 15:59:39.858935   29848 watch.go:40] Failed to load config from \"c:\\\\Users\\\\Omer Cohen\\\\wizbi\\\\template-base\\\\dataconnect\": could not find dataconnect.yaml in `c:\\Users\\Omer Cohen\\wizbi\\template-base\\dataconnect`\n"}}
[debug] [2026-02-15T13:59:49.858Z] E0215 15:59:49.857875   29848 watch.go:40] Failed to load config from "c:\\Users\\Omer Cohen\\wizbi\\template-base\\dataconnect": could not find dataconnect.yaml in `c:\Users\Omer Cohen\wizbi\template-base\dataconnect`
 {"metadata":{"emulator":{"name":"dataconnect"},"message":"E0215 15:59:49.857875   29848 watch.go:40] Failed to load config from \"c:\\\\Users\\\\Omer Cohen\\\\wizbi\\\\template-base\\\\dataconnect\": could not find dataconnect.yaml in `c:\\Users\\Omer Cohen\\wizbi\\template-base\\dataconnect`\n"}}
[debug] [2026-02-15T13:59:49.861Z] E0215 15:59:49.857875   29848 watch.go:116] watchAllDir unable to walk dir `c:\Users\Omer Cohen\wizbi\template-base\dataconnect`: CreateFile c:\Users\Omer Cohen\wizbi\template-base\dataconnect: The system cannot find the file specified.
 {"metadata":{"emulator":{"name":"dataconnect"},"message":"E0215 15:59:49.857875   29848 watch.go:116] watchAllDir unable to walk dir `c:\\Users\\Omer Cohen\\wizbi\\template-base\\dataconnect`: CreateFile c:\\Users\\Omer Cohen\\wizbi\\template-base\\dataconnect: The system cannot find the file specified.\n"}}
[debug] [2026-02-15T13:59:59.859Z] E0215 15:59:59.858287   29848 watch.go:40] Failed to load config from "c:\\Users\\Omer Cohen\\wizbi\\template-base\\dataconnect": could not find dataconnect.yaml in `c:\Users\Omer Cohen\wizbi\template-base\dataconnect`
 {"metadata":{"emulator":{"name":"dataconnect"},"message":"E0215 15:59:59.858287   29848 watch.go:40] Failed to load config from \"c:\\\\Users\\\\Omer Cohen\\\\wizbi\\\\template-base\\\\dataconnect\": could not find dataconnect.yaml in `c:\\Users\\Omer Cohen\\wizbi\\template-base\\dataconnect`\n"}}
[debug] [2026-02-15T14:00:09.866Z] E0215 16:00:09.862706   29848 watch.go:40] Failed to load config from "c:\\Users\\Omer Cohen\\wizbi\\template-base\\dataconnect": could not find dataconnect.yaml in `c:\Users\Omer Cohen\wizbi\template-base\dataconnect`
 {"metadata":{"emulator":{"name":"dataconnect"},"message":"E0215 16:00:09.862706   29848 watch.go:40] Failed to load config from \"c:\\\\Users\\\\Omer Cohen\\\\wizbi\\\\template-base\\\\dataconnect\": could not find dataconnect.yaml in `c:\\Users\\Omer Cohen\\wizbi\\template-base\\dataconnect`\n"}}
[debug] [2026-02-15T14:00:19.865Z] E0215 16:00:19.864468   29848 watch.go:40] Failed to load config from "c:\\Users\\Omer Cohen\\wizbi\\template-base\\dataconnect": could not find dataconnect.yaml in `c:\Users\Omer Cohen\wizbi\template-base\dataconnect`
 {"metadata":{"emulator":{"name":"dataconnect"},"message":"E0215 16:00:19.864468   29848 watch.go:40] Failed to load config from \"c:\\\\Users\\\\Omer Cohen\\\\wizbi\\\\template-base\\\\dataconnect\": could not find dataconnect.yaml in `c:\\Users\\Omer Cohen\\wizbi\\template-base\\dataconnect`\n"}}
[debug] [2026-02-15T14:00:29.862Z] E0215 16:00:29.861225   29848 watch.go:40] Failed to load config from "c:\\Users\\Omer Cohen\\wizbi\\template-base\\dataconnect": could not find dataconnect.yaml in `c:\Users\Omer Cohen\wizbi\template-base\dataconnect`
 {"metadata":{"emulator":{"name":"dataconnect"},"message":"E0215 16:00:29.861225   29848 watch.go:40] Failed to load config from \"c:\\\\Users\\\\Omer Cohen\\\\wizbi\\\\template-base\\\\dataconnect\": could not find dataconnect.yaml in `c:\\Users\\Omer Cohen\\wizbi\\template-base\\dataconnect`\n"}}
[debug] [2026-02-15T14:00:39.858Z] E0215 16:00:39.858364   29848 watch.go:40] Failed to load config from "c:\\Users\\Omer Cohen\\wizbi\\template-base\\dataconnect": could not find dataconnect.yaml in `c:\Users\Omer Cohen\wizbi\template-base\dataconnect`
 {"metadata":{"emulator":{"name":"dataconnect"},"message":"E0215 16:00:39.858364   29848 watch.go:40] Failed to load config from \"c:\\\\Users\\\\Omer Cohen\\\\wizbi\\\\template-base\\\\dataconnect\": could not find dataconnect.yaml in `c:\\Users\\Omer Cohen\\wizbi\\template-base\\dataconnect`\n"}}
[debug] [2026-02-15T14:00:49.861Z] E0215 16:00:49.857774   29848 watch.go:40] Failed to load config from "c:\\Users\\Omer Cohen\\wizbi\\template-base\\dataconnect": could not find dataconnect.yaml in `c:\Users\Omer Cohen\wizbi\template-base\dataconnect`
 {"metadata":{"emulator":{"name":"dataconnect"},"message":"E0215 16:00:49.857774   29848 watch.go:40] Failed to load config from \"c:\\\\Users\\\\Omer Cohen\\\\wizbi\\\\template-base\\\\dataconnect\": could not find dataconnect.yaml in `c:\\Users\\Omer Cohen\\wizbi\\template-base\\dataconnect`\n"}}
[debug] [2026-02-15T14:00:49.894Z] E0215 16:00:49.865888   29848 watch.go:116] watchAllDir unable to walk dir `c:\Users\Omer Cohen\wizbi\template-base\dataconnect`: CreateFile c:\Users\Omer Cohen\wizbi\template-base\dataconnect: The system cannot find the file specified.
 {"metadata":{"emulator":{"name":"dataconnect"},"message":"E0215 16:00:49.865888   29848 watch.go:116] watchAllDir unable to walk dir `c:\\Users\\Omer Cohen\\wizbi\\template-base\\dataconnect`: CreateFile c:\\Users\\Omer Cohen\\wizbi\\template-base\\dataconnect: The system cannot find the file specified.\n"}}
[debug] [2026-02-15T14:00:59.863Z] E0215 16:00:59.862699   29848 watch.go:40] Failed to load config from "c:\\Users\\Omer Cohen\\wizbi\\template-base\\dataconnect": could not find dataconnect.yaml in `c:\Users\Omer Cohen\wizbi\template-base\dataconnect`
 {"metadata":{"emulator":{"name":"dataconnect"},"message":"E0215 16:00:59.862699   29848 watch.go:40] Failed to load config from \"c:\\\\Users\\\\Omer Cohen\\\\wizbi\\\\template-base\\\\dataconnect\": could not find dataconnect.yaml in `c:\\Users\\Omer Cohen\\wizbi\\template-base\\dataconnect`\n"}}
[debug] [2026-02-15T14:01:09.861Z] E0215 16:01:09.857737   29848 watch.go:40] Failed to load config from "c:\\Users\\Omer Cohen\\wizbi\\template-base\\dataconnect": could not find dataconnect.yaml in `c:\Users\Omer Cohen\wizbi\template-base\dataconnect`
 {"metadata":{"emulator":{"name":"dataconnect"},"message":"E0215 16:01:09.857737   29848 watch.go:40] Failed to load config from \"c:\\\\Users\\\\Omer Cohen\\\\wizbi\\\\template-base\\\\dataconnect\": could not find dataconnect.yaml in `c:\\Users\\Omer Cohen\\wizbi\\template-base\\dataconnect`\n"}}
[debug] [2026-02-15T14:01:19.857Z] E0215 16:01:19.857524   29848 watch.go:40] Failed to load config from "c:\\Users\\Omer Cohen\\wizbi\\template-base\\dataconnect": could not find dataconnect.yaml in `c:\Users\Omer Cohen\wizbi\template-base\dataconnect`
 {"metadata":{"emulator":{"name":"dataconnect"},"message":"E0215 16:01:19.857524   29848 watch.go:40] Failed to load config from \"c:\\\\Users\\\\Omer Cohen\\\\wizbi\\\\template-base\\\\dataconnect\": could not find dataconnect.yaml in `c:\\Users\\Omer Cohen\\wizbi\\template-base\\dataconnect`\n"}}
[debug] [2026-02-15T14:01:29.857Z] E0215 16:01:29.856908   29848 watch.go:40] Failed to load config from "c:\\Users\\Omer Cohen\\wizbi\\template-base\\dataconnect": could not find dataconnect.yaml in `c:\Users\Omer Cohen\wizbi\template-base\dataconnect`
 {"metadata":{"emulator":{"name":"dataconnect"},"message":"E0215 16:01:29.856908   29848 watch.go:40] Failed to load config from \"c:\\\\Users\\\\Omer Cohen\\\\wizbi\\\\template-base\\\\dataconnect\": could not find dataconnect.yaml in `c:\\Users\\Omer Cohen\\wizbi\\template-base\\dataconnect`\n"}}
[debug] [2026-02-15T14:01:39.857Z] E0215 16:01:39.856657   29848 watch.go:40] Failed to load config from "c:\\Users\\Omer Cohen\\wizbi\\template-base\\dataconnect": could not find dataconnect.yaml in `c:\Users\Omer Cohen\wizbi\template-base\dataconnect`
 {"metadata":{"emulator":{"name":"dataconnect"},"message":"E0215 16:01:39.856657   29848 watch.go:40] Failed to load config from \"c:\\\\Users\\\\Omer Cohen\\\\wizbi\\\\template-base\\\\dataconnect\": could not find dataconnect.yaml in `c:\\Users\\Omer Cohen\\wizbi\\template-base\\dataconnect`\n"}}
[debug] [2026-02-15T14:01:49.857Z] E0215 16:01:49.856487   29848 watch.go:40] Failed to load config from "c:\\Users\\Omer Cohen\\wizbi\\template-base\\dataconnect": could not find dataconnect.yaml in `c:\Users\Omer Cohen\wizbi\template-base\dataconnect`
 {"metadata":{"emulator":{"name":"dataconnect"},"message":"E0215 16:01:49.856487   29848 watch.go:40] Failed to load config from \"c:\\\\Users\\\\Omer Cohen\\\\wizbi\\\\template-base\\\\dataconnect\": could not find dataconnect.yaml in `c:\\Users\\Omer Cohen\\wizbi\\template-base\\dataconnect`\n"}}
[debug] [2026-02-15T14:01:49.857Z] E0215 16:01:49.856487   29848 watch.go:116] watchAllDir unable to walk dir `c:\Users\Omer Cohen\wizbi\template-base\dataconnect`: CreateFile c:\Users\Omer Cohen\wizbi\template-base\dataconnect: The system cannot find the file specified.
 {"metadata":{"emulator":{"name":"dataconnect"},"message":"E0215 16:01:49.856487   29848 watch.go:116] watchAllDir unable to walk dir `c:\\Users\\Omer Cohen\\wizbi\\template-base\\dataconnect`: CreateFile c:\\Users\\Omer Cohen\\wizbi\\template-base\\dataconnect: The system cannot find the file specified.\n"}}
[debug] [2026-02-15T14:01:59.857Z] E0215 16:01:59.857062   29848 watch.go:40] Failed to load config from "c:\\Users\\Omer Cohen\\wizbi\\template-base\\dataconnect": could not find dataconnect.yaml in `c:\Users\Omer Cohen\wizbi\template-base\dataconnect`
 {"metadata":{"emulator":{"name":"dataconnect"},"message":"E0215 16:01:59.857062   29848 watch.go:40] Failed to load config from \"c:\\\\Users\\\\Omer Cohen\\\\wizbi\\\\template-base\\\\dataconnect\": could not find dataconnect.yaml in `c:\\Users\\Omer Cohen\\wizbi\\template-base\\dataconnect`\n"}}
[debug] [2026-02-15T14:02:09.857Z] E0215 16:02:09.856325   29848 watch.go:40] Failed to load config from "c:\\Users\\Omer Cohen\\wizbi\\template-base\\dataconnect": could not find dataconnect.yaml in `c:\Users\Omer Cohen\wizbi\template-base\dataconnect`
 {"metadata":{"emulator":{"name":"dataconnect"},"message":"E0215 16:02:09.856325   29848 watch.go:40] Failed to load config from \"c:\\\\Users\\\\Omer Cohen\\\\wizbi\\\\template-base\\\\dataconnect\": could not find dataconnect.yaml in `c:\\Users\\Omer Cohen\\wizbi\\template-base\\dataconnect`\n"}}
[debug] [2026-02-15T14:02:19.857Z] E0215 16:02:19.856842   29848 watch.go:40] Failed to load config from "c:\\Users\\Omer Cohen\\wizbi\\template-base\\dataconnect": could not find dataconnect.yaml in `c:\Users\Omer Cohen\wizbi\template-base\dataconnect`
 {"metadata":{"emulator":{"name":"dataconnect"},"message":"E0215 16:02:19.856842   29848 watch.go:40] Failed to load config from \"c:\\\\Users\\\\Omer Cohen\\\\wizbi\\\\template-base\\\\dataconnect\": could not find dataconnect.yaml in `c:\\Users\\Omer Cohen\\wizbi\\template-base\\dataconnect`\n"}}
[debug] [2026-02-15T14:02:29.859Z] E0215 16:02:29.856979   29848 watch.go:40] Failed to load config from "c:\\Users\\Omer Cohen\\wizbi\\template-base\\dataconnect": could not find dataconnect.yaml in `c:\Users\Omer Cohen\wizbi\template-base\dataconnect`
 {"metadata":{"emulator":{"name":"dataconnect"},"message":"E0215 16:02:29.856979   29848 watch.go:40] Failed to load config from \"c:\\\\Users\\\\Omer Cohen\\\\wizbi\\\\template-base\\\\dataconnect\": could not find dataconnect.yaml in `c:\\Users\\Omer Cohen\\wizbi\\template-base\\dataconnect`\n"}}
[debug] [2026-02-15T14:02:39.873Z] E0215 16:02:39.872896   29848 watch.go:40] Failed to load config from "c:\\Users\\Omer Cohen\\wizbi\\template-base\\dataconnect": could not find dataconnect.yaml in `c:\Users\Omer Cohen\wizbi\template-base\dataconnect`
 {"metadata":{"emulator":{"name":"dataconnect"},"message":"E0215 16:02:39.872896   29848 watch.go:40] Failed to load config from \"c:\\\\Users\\\\Omer Cohen\\\\wizbi\\\\template-base\\\\dataconnect\": could not find dataconnect.yaml in `c:\\Users\\Omer Cohen\\wizbi\\template-base\\dataconnect`\n"}}
[debug] [2026-02-15T14:02:49.856Z] E0215 16:02:49.855797   29848 watch.go:40] Failed to load config from "c:\\Users\\Omer Cohen\\wizbi\\template-base\\dataconnect": could not find dataconnect.yaml in `c:\Users\Omer Cohen\wizbi\template-base\dataconnect`
 {"metadata":{"emulator":{"name":"dataconnect"},"message":"E0215 16:02:49.855797   29848 watch.go:40] Failed to load config from \"c:\\\\Users\\\\Omer Cohen\\\\wizbi\\\\template-base\\\\dataconnect\": could not find dataconnect.yaml in `c:\\Users\\Omer Cohen\\wizbi\\template-base\\dataconnect`\n"}}
[debug] [2026-02-15T14:02:49.870Z] E0215 16:02:49.855797   29848 watch.go:116] watchAllDir unable to walk dir `c:\Users\Omer Cohen\wizbi\template-base\dataconnect`: CreateFile c:\Users\Omer Cohen\wizbi\template-base\dataconnect: The system cannot find the file specified.
 {"metadata":{"emulator":{"name":"dataconnect"},"message":"E0215 16:02:49.855797   29848 watch.go:116] watchAllDir unable to walk dir `c:\\Users\\Omer Cohen\\wizbi\\template-base\\dataconnect`: CreateFile c:\\Users\\Omer Cohen\\wizbi\\template-base\\dataconnect: The system cannot find the file specified.\n"}}
[debug] [2026-02-15T14:02:59.857Z] E0215 16:02:59.856384   29848 watch.go:40] Failed to load config from "c:\\Users\\Omer Cohen\\wizbi\\template-base\\dataconnect": could not find dataconnect.yaml in `c:\Users\Omer Cohen\wizbi\template-base\dataconnect`
 {"metadata":{"emulator":{"name":"dataconnect"},"message":"E0215 16:02:59.856384   29848 watch.go:40] Failed to load config from \"c:\\\\Users\\\\Omer Cohen\\\\wizbi\\\\template-base\\\\dataconnect\": could not find dataconnect.yaml in `c:\\Users\\Omer Cohen\\wizbi\\template-base\\dataconnect`\n"}}
[debug] [2026-02-15T14:03:09.856Z] E0215 16:03:09.856058   29848 watch.go:40] Failed to load config from "c:\\Users\\Omer Cohen\\wizbi\\template-base\\dataconnect": could not find dataconnect.yaml in `c:\Users\Omer Cohen\wizbi\template-base\dataconnect`
 {"metadata":{"emulator":{"name":"dataconnect"},"message":"E0215 16:03:09.856058   29848 watch.go:40] Failed to load config from \"c:\\\\Users\\\\Omer Cohen\\\\wizbi\\\\template-base\\\\dataconnect\": could not find dataconnect.yaml in `c:\\Users\\Omer Cohen\\wizbi\\template-base\\dataconnect`\n"}}
[debug] [2026-02-15T14:03:19.856Z] E0215 16:03:19.855698   29848 watch.go:40] Failed to load config from "c:\\Users\\Omer Cohen\\wizbi\\template-base\\dataconnect": could not find dataconnect.yaml in `c:\Users\Omer Cohen\wizbi\template-base\dataconnect`
 {"metadata":{"emulator":{"name":"dataconnect"},"message":"E0215 16:03:19.855698   29848 watch.go:40] Failed to load config from \"c:\\\\Users\\\\Omer Cohen\\\\wizbi\\\\template-base\\\\dataconnect\": could not find dataconnect.yaml in `c:\\Users\\Omer Cohen\\wizbi\\template-base\\dataconnect`\n"}}
[debug] [2026-02-15T14:03:29.855Z] E0215 16:03:29.855867   29848 watch.go:40] Failed to load config from "c:\\Users\\Omer Cohen\\wizbi\\template-base\\dataconnect": could not find dataconnect.yaml in `c:\Users\Omer Cohen\wizbi\template-base\dataconnect`
 {"metadata":{"emulator":{"name":"dataconnect"},"message":"E0215 16:03:29.855867   29848 watch.go:40] Failed to load config from \"c:\\\\Users\\\\Omer Cohen\\\\wizbi\\\\template-base\\\\dataconnect\": could not find dataconnect.yaml in `c:\\Users\\Omer Cohen\\wizbi\\template-base\\dataconnect`\n"}}
[debug] [2026-02-15T14:03:39.855Z] E0215 16:03:39.855920   29848 watch.go:40] Failed to load config from "c:\\Users\\Omer Cohen\\wizbi\\template-base\\dataconnect": could not find dataconnect.yaml in `c:\Users\Omer Cohen\wizbi\template-base\dataconnect`
 {"metadata":{"emulator":{"name":"dataconnect"},"message":"E0215 16:03:39.855920   29848 watch.go:40] Failed to load config from \"c:\\\\Users\\\\Omer Cohen\\\\wizbi\\\\template-base\\\\dataconnect\": could not find dataconnect.yaml in `c:\\Users\\Omer Cohen\\wizbi\\template-base\\dataconnect`\n"}}
[debug] [2026-02-15T14:03:49.855Z] E0215 16:03:49.855195   29848 watch.go:40] Failed to load config from "c:\\Users\\Omer Cohen\\wizbi\\template-base\\dataconnect": could not find dataconnect.yaml in `c:\Users\Omer Cohen\wizbi\template-base\dataconnect`
 {"metadata":{"emulator":{"name":"dataconnect"},"message":"E0215 16:03:49.855195   29848 watch.go:40] Failed to load config from \"c:\\\\Users\\\\Omer Cohen\\\\wizbi\\\\template-base\\\\dataconnect\": could not find dataconnect.yaml in `c:\\Users\\Omer Cohen\\wizbi\\template-base\\dataconnect`\n"}}
[debug] [2026-02-15T14:03:49.858Z] E0215 16:03:49.855714   29848 watch.go:116] watchAllDir unable to walk dir `c:\Users\Omer Cohen\wizbi\template-base\dataconnect`: CreateFile c:\Users\Omer Cohen\wizbi\template-base\dataconnect: The system cannot find the file specified.
 {"metadata":{"emulator":{"name":"dataconnect"},"message":"E0215 16:03:49.855714   29848 watch.go:116] watchAllDir unable to walk dir `c:\\Users\\Omer Cohen\\wizbi\\template-base\\dataconnect`: CreateFile c:\\Users\\Omer Cohen\\wizbi\\template-base\\dataconnect: The system cannot find the file specified.\n"}}
[debug] [2026-02-15T14:03:59.856Z] E0215 16:03:59.856290   29848 watch.go:40] Failed to load config from "c:\\Users\\Omer Cohen\\wizbi\\template-base\\dataconnect": could not find dataconnect.yaml in `c:\Users\Omer Cohen\wizbi\template-base\dataconnect`
 {"metadata":{"emulator":{"name":"dataconnect"},"message":"E0215 16:03:59.856290   29848 watch.go:40] Failed to load config from \"c:\\\\Users\\\\Omer Cohen\\\\wizbi\\\\template-base\\\\dataconnect\": could not find dataconnect.yaml in `c:\\Users\\Omer Cohen\\wizbi\\template-base\\dataconnect`\n"}}
[debug] [2026-02-15T14:04:09.855Z] E0215 16:04:09.855388   29848 watch.go:40] Failed to load config from "c:\\Users\\Omer Cohen\\wizbi\\template-base\\dataconnect": could not find dataconnect.yaml in `c:\Users\Omer Cohen\wizbi\template-base\dataconnect`
 {"metadata":{"emulator":{"name":"dataconnect"},"message":"E0215 16:04:09.855388   29848 watch.go:40] Failed to load config from \"c:\\\\Users\\\\Omer Cohen\\\\wizbi\\\\template-base\\\\dataconnect\": could not find dataconnect.yaml in `c:\\Users\\Omer Cohen\\wizbi\\template-base\\dataconnect`\n"}}
[debug] [2026-02-15T14:04:19.855Z] E0215 16:04:19.855067   29848 watch.go:40] Failed to load config from "c:\\Users\\Omer Cohen\\wizbi\\template-base\\dataconnect": could not find dataconnect.yaml in `c:\Users\Omer Cohen\wizbi\template-base\dataconnect`
 {"metadata":{"emulator":{"name":"dataconnect"},"message":"E0215 16:04:19.855067   29848 watch.go:40] Failed to load config from \"c:\\\\Users\\\\Omer Cohen\\\\wizbi\\\\template-base\\\\dataconnect\": could not find dataconnect.yaml in `c:\\Users\\Omer Cohen\\wizbi\\template-base\\dataconnect`\n"}}
[debug] [2026-02-15T14:04:29.855Z] E0215 16:04:29.855247   29848 watch.go:40] Failed to load config from "c:\\Users\\Omer Cohen\\wizbi\\template-base\\dataconnect": could not find dataconnect.yaml in `c:\Users\Omer Cohen\wizbi\template-base\dataconnect`
 {"metadata":{"emulator":{"name":"dataconnect"},"message":"E0215 16:04:29.855247   29848 watch.go:40] Failed to load config from \"c:\\\\Users\\\\Omer Cohen\\\\wizbi\\\\template-base\\\\dataconnect\": could not find dataconnect.yaml in `c:\\Users\\Omer Cohen\\wizbi\\template-base\\dataconnect`\n"}}
[debug] [2026-02-15T14:04:39.855Z] E0215 16:04:39.855042   29848 watch.go:40] Failed to load config from "c:\\Users\\Omer Cohen\\wizbi\\template-base\\dataconnect": could not find dataconnect.yaml in `c:\Users\Omer Cohen\wizbi\template-base\dataconnect`
 {"metadata":{"emulator":{"name":"dataconnect"},"message":"E0215 16:04:39.855042   29848 watch.go:40] Failed to load config from \"c:\\\\Users\\\\Omer Cohen\\\\wizbi\\\\template-base\\\\dataconnect\": could not find dataconnect.yaml in `c:\\Users\\Omer Cohen\\wizbi\\template-base\\dataconnect`\n"}}
[debug] [2026-02-15T14:04:49.855Z] E0215 16:04:49.854714   29848 watch.go:40] Failed to load config from "c:\\Users\\Omer Cohen\\wizbi\\template-base\\dataconnect": could not find dataconnect.yaml in `c:\Users\Omer Cohen\wizbi\template-base\dataconnect`
 {"metadata":{"emulator":{"name":"dataconnect"},"message":"E0215 16:04:49.854714   29848 watch.go:40] Failed to load config from \"c:\\\\Users\\\\Omer Cohen\\\\wizbi\\\\template-base\\\\dataconnect\": could not find dataconnect.yaml in `c:\\Users\\Omer Cohen\\wizbi\\template-base\\dataconnect`\n"}}
[debug] [2026-02-15T14:04:49.856Z] E0215 16:04:49.854714   29848 watch.go:116] watchAllDir unable to walk dir `c:\Users\Omer Cohen\wizbi\template-base\dataconnect`: CreateFile c:\Users\Omer Cohen\wizbi\template-base\dataconnect: The system cannot find the file specified.
 {"metadata":{"emulator":{"name":"dataconnect"},"message":"E0215 16:04:49.854714   29848 watch.go:116] watchAllDir unable to walk dir `c:\\Users\\Omer Cohen\\wizbi\\template-base\\dataconnect`: CreateFile c:\\Users\\Omer Cohen\\wizbi\\template-base\\dataconnect: The system cannot find the file specified.\n"}}
[debug] [2026-02-15T14:04:59.855Z] E0215 16:04:59.855245   29848 watch.go:40] Failed to load config from "c:\\Users\\Omer Cohen\\wizbi\\template-base\\dataconnect": could not find dataconnect.yaml in `c:\Users\Omer Cohen\wizbi\template-base\dataconnect`
 {"metadata":{"emulator":{"name":"dataconnect"},"message":"E0215 16:04:59.855245   29848 watch.go:40] Failed to load config from \"c:\\\\Users\\\\Omer Cohen\\\\wizbi\\\\template-base\\\\dataconnect\": could not find dataconnect.yaml in `c:\\Users\\Omer Cohen\\wizbi\\template-base\\dataconnect`\n"}}
[debug] [2026-02-15T14:05:09.855Z] E0215 16:05:09.854795   29848 watch.go:40] Failed to load config from "c:\\Users\\Omer Cohen\\wizbi\\template-base\\dataconnect": could not find dataconnect.yaml in `c:\Users\Omer Cohen\wizbi\template-base\dataconnect`
 {"metadata":{"emulator":{"name":"dataconnect"},"message":"E0215 16:05:09.854795   29848 watch.go:40] Failed to load config from \"c:\\\\Users\\\\Omer Cohen\\\\wizbi\\\\template-base\\\\dataconnect\": could not find dataconnect.yaml in `c:\\Users\\Omer Cohen\\wizbi\\template-base\\dataconnect`\n"}}
[debug] [2026-02-15T14:05:19.855Z] E0215 16:05:19.854694   29848 watch.go:40] Failed to load config from "c:\\Users\\Omer Cohen\\wizbi\\template-base\\dataconnect": could not find dataconnect.yaml in `c:\Users\Omer Cohen\wizbi\template-base\dataconnect`
 {"metadata":{"emulator":{"name":"dataconnect"},"message":"E0215 16:05:19.854694   29848 watch.go:40] Failed to load config from \"c:\\\\Users\\\\Omer Cohen\\\\wizbi\\\\template-base\\\\dataconnect\": could not find dataconnect.yaml in `c:\\Users\\Omer Cohen\\wizbi\\template-base\\dataconnect`\n"}}
[debug] [2026-02-15T14:05:29.855Z] E0215 16:05:29.854915   29848 watch.go:40] Failed to load config from "c:\\Users\\Omer Cohen\\wizbi\\template-base\\dataconnect": could not find dataconnect.yaml in `c:\Users\Omer Cohen\wizbi\template-base\dataconnect`
 {"metadata":{"emulator":{"name":"dataconnect"},"message":"E0215 16:05:29.854915   29848 watch.go:40] Failed to load config from \"c:\\\\Users\\\\Omer Cohen\\\\wizbi\\\\template-base\\\\dataconnect\": could not find dataconnect.yaml in `c:\\Users\\Omer Cohen\\wizbi\\template-base\\dataconnect`\n"}}
[debug] [2026-02-15T14:05:39.855Z] E0215 16:05:39.855073   29848 watch.go:40] Failed to load config from "c:\\Users\\Omer Cohen\\wizbi\\template-base\\dataconnect": could not find dataconnect.yaml in `c:\Users\Omer Cohen\wizbi\template-base\dataconnect`
 {"metadata":{"emulator":{"name":"dataconnect"},"message":"E0215 16:05:39.855073   29848 watch.go:40] Failed to load config from \"c:\\\\Users\\\\Omer Cohen\\\\wizbi\\\\template-base\\\\dataconnect\": could not find dataconnect.yaml in `c:\\Users\\Omer Cohen\\wizbi\\template-base\\dataconnect`\n"}}
[debug] [2026-02-15T14:05:49.855Z] E0215 16:05:49.854828   29848 watch.go:40] Failed to load config from "c:\\Users\\Omer Cohen\\wizbi\\template-base\\dataconnect": could not find dataconnect.yaml in `c:\Users\Omer Cohen\wizbi\template-base\dataconnect`
 {"metadata":{"emulator":{"name":"dataconnect"},"message":"E0215 16:05:49.854828   29848 watch.go:40] Failed to load config from \"c:\\\\Users\\\\Omer Cohen\\\\wizbi\\\\template-base\\\\dataconnect\": could not find dataconnect.yaml in `c:\\Users\\Omer Cohen\\wizbi\\template-base\\dataconnect`\n"}}
[debug] [2026-02-15T14:05:49.855Z] E0215 16:05:49.854304   29848 watch.go:116] watchAllDir unable to walk dir `c:\Users\Omer Cohen\wizbi\template-base\dataconnect`: CreateFile c:\Users\Omer Cohen\wizbi\template-base\dataconnect: The system cannot find the file specified.
 {"metadata":{"emulator":{"name":"dataconnect"},"message":"E0215 16:05:49.854304   29848 watch.go:116] watchAllDir unable to walk dir `c:\\Users\\Omer Cohen\\wizbi\\template-base\\dataconnect`: CreateFile c:\\Users\\Omer Cohen\\wizbi\\template-base\\dataconnect: The system cannot find the file specified.\n"}}
[debug] [2026-02-15T14:05:59.869Z] E0215 16:05:59.868067   29848 watch.go:40] Failed to load config from "c:\\Users\\Omer Cohen\\wizbi\\template-base\\dataconnect": could not find dataconnect.yaml in `c:\Users\Omer Cohen\wizbi\template-base\dataconnect`
 {"metadata":{"emulator":{"name":"dataconnect"},"message":"E0215 16:05:59.868067   29848 watch.go:40] Failed to load config from \"c:\\\\Users\\\\Omer Cohen\\\\wizbi\\\\template-base\\\\dataconnect\": could not find dataconnect.yaml in `c:\\Users\\Omer Cohen\\wizbi\\template-base\\dataconnect`\n"}}
[debug] [2026-02-15T14:06:09.855Z] E0215 16:06:09.854877   29848 watch.go:40] Failed to load config from "c:\\Users\\Omer Cohen\\wizbi\\template-base\\dataconnect": could not find dataconnect.yaml in `c:\Users\Omer Cohen\wizbi\template-base\dataconnect`
 {"metadata":{"emulator":{"name":"dataconnect"},"message":"E0215 16:06:09.854877   29848 watch.go:40] Failed to load config from \"c:\\\\Users\\\\Omer Cohen\\\\wizbi\\\\template-base\\\\dataconnect\": could not find dataconnect.yaml in `c:\\Users\\Omer Cohen\\wizbi\\template-base\\dataconnect`\n"}}
[debug] [2026-02-15T14:06:19.854Z] E0215 16:06:19.854082   29848 watch.go:40] Failed to load config from "c:\\Users\\Omer Cohen\\wizbi\\template-base\\dataconnect": could not find dataconnect.yaml in `c:\Users\Omer Cohen\wizbi\template-base\dataconnect`
 {"metadata":{"emulator":{"name":"dataconnect"},"message":"E0215 16:06:19.854082   29848 watch.go:40] Failed to load config from \"c:\\\\Users\\\\Omer Cohen\\\\wizbi\\\\template-base\\\\dataconnect\": could not find dataconnect.yaml in `c:\\Users\\Omer Cohen\\wizbi\\template-base\\dataconnect`\n"}}
[debug] [2026-02-15T14:06:29.854Z] E0215 16:06:29.853947   29848 watch.go:40] Failed to load config from "c:\\Users\\Omer Cohen\\wizbi\\template-base\\dataconnect": could not find dataconnect.yaml in `c:\Users\Omer Cohen\wizbi\template-base\dataconnect`
 {"metadata":{"emulator":{"name":"dataconnect"},"message":"E0215 16:06:29.853947   29848 watch.go:40] Failed to load config from \"c:\\\\Users\\\\Omer Cohen\\\\wizbi\\\\template-base\\\\dataconnect\": could not find dataconnect.yaml in `c:\\Users\\Omer Cohen\\wizbi\\template-base\\dataconnect`\n"}}
[debug] [2026-02-15T14:06:39.854Z] E0215 16:06:39.854191   29848 watch.go:40] Failed to load config from "c:\\Users\\Omer Cohen\\wizbi\\template-base\\dataconnect": could not find dataconnect.yaml in `c:\Users\Omer Cohen\wizbi\template-base\dataconnect`
 {"metadata":{"emulator":{"name":"dataconnect"},"message":"E0215 16:06:39.854191   29848 watch.go:40] Failed to load config from \"c:\\\\Users\\\\Omer Cohen\\\\wizbi\\\\template-base\\\\dataconnect\": could not find dataconnect.yaml in `c:\\Users\\Omer Cohen\\wizbi\\template-base\\dataconnect`\n"}}
[debug] [2026-02-15T14:06:49.854Z] E0215 16:06:49.854530   29848 watch.go:40] Failed to load config from "c:\\Users\\Omer Cohen\\wizbi\\template-base\\dataconnect": could not find dataconnect.yaml in `c:\Users\Omer Cohen\wizbi\template-base\dataconnect`
E0215 16:06:49.854013   29848 watch.go:116] watchAllDir unable to walk dir `c:\Users\Omer Cohen\wizbi\template-base\dataconnect`: CreateFile c:\Users\Omer Cohen\wizbi\template-base\dataconnect: The system cannot find the file specified.
 {"metadata":{"emulator":{"name":"dataconnect"},"message":"E0215 16:06:49.854530   29848 watch.go:40] Failed to load config from \"c:\\\\Users\\\\Omer Cohen\\\\wizbi\\\\template-base\\\\dataconnect\": could not find dataconnect.yaml in `c:\\Users\\Omer Cohen\\wizbi\\template-base\\dataconnect`\nE0215 16:06:49.854013   29848 watch.go:116] watchAllDir unable to walk dir `c:\\Users\\Omer Cohen\\wizbi\\template-base\\dataconnect`: CreateFile c:\\Users\\Omer Cohen\\wizbi\\template-base\\dataconnect: The system cannot find the file specified.\n"}}
[debug] [2026-02-15T14:06:59.855Z] E0215 16:06:59.854414   29848 watch.go:40] Failed to load config from "c:\\Users\\Omer Cohen\\wizbi\\template-base\\dataconnect": could not find dataconnect.yaml in `c:\Users\Omer Cohen\wizbi\template-base\dataconnect`
 {"metadata":{"emulator":{"name":"dataconnect"},"message":"E0215 16:06:59.854414   29848 watch.go:40] Failed to load config from \"c:\\\\Users\\\\Omer Cohen\\\\wizbi\\\\template-base\\\\dataconnect\": could not find dataconnect.yaml in `c:\\Users\\Omer Cohen\\wizbi\\template-base\\dataconnect`\n"}}
[debug] [2026-02-15T14:07:09.854Z] E0215 16:07:09.854125   29848 watch.go:40] Failed to load config from "c:\\Users\\Omer Cohen\\wizbi\\template-base\\dataconnect": could not find dataconnect.yaml in `c:\Users\Omer Cohen\wizbi\template-base\dataconnect`
 {"metadata":{"emulator":{"name":"dataconnect"},"message":"E0215 16:07:09.854125   29848 watch.go:40] Failed to load config from \"c:\\\\Users\\\\Omer Cohen\\\\wizbi\\\\template-base\\\\dataconnect\": could not find dataconnect.yaml in `c:\\Users\\Omer Cohen\\wizbi\\template-base\\dataconnect`\n"}}
[debug] [2026-02-15T14:07:19.854Z] E0215 16:07:19.853648   29848 watch.go:40] Failed to load config from "c:\\Users\\Omer Cohen\\wizbi\\template-base\\dataconnect": could not find dataconnect.yaml in `c:\Users\Omer Cohen\wizbi\template-base\dataconnect`
 {"metadata":{"emulator":{"name":"dataconnect"},"message":"E0215 16:07:19.853648   29848 watch.go:40] Failed to load config from \"c:\\\\Users\\\\Omer Cohen\\\\wizbi\\\\template-base\\\\dataconnect\": could not find dataconnect.yaml in `c:\\Users\\Omer Cohen\\wizbi\\template-base\\dataconnect`\n"}}
[debug] [2026-02-15T14:07:29.854Z] E0215 16:07:29.853694   29848 watch.go:40] Failed to load config from "c:\\Users\\Omer Cohen\\wizbi\\template-base\\dataconnect": could not find dataconnect.yaml in `c:\Users\Omer Cohen\wizbi\template-base\dataconnect`
 {"metadata":{"emulator":{"name":"dataconnect"},"message":"E0215 16:07:29.853694   29848 watch.go:40] Failed to load config from \"c:\\\\Users\\\\Omer Cohen\\\\wizbi\\\\template-base\\\\dataconnect\": could not find dataconnect.yaml in `c:\\Users\\Omer Cohen\\wizbi\\template-base\\dataconnect`\n"}}
[debug] [2026-02-15T14:07:39.857Z] E0215 16:07:39.855440   29848 watch.go:40] Failed to load config from "c:\\Users\\Omer Cohen\\wizbi\\template-base\\dataconnect": could not find dataconnect.yaml in `c:\Users\Omer Cohen\wizbi\template-base\dataconnect`
 {"metadata":{"emulator":{"name":"dataconnect"},"message":"E0215 16:07:39.855440   29848 watch.go:40] Failed to load config from \"c:\\\\Users\\\\Omer Cohen\\\\wizbi\\\\template-base\\\\dataconnect\": could not find dataconnect.yaml in `c:\\Users\\Omer Cohen\\wizbi\\template-base\\dataconnect`\n"}}
[debug] [2026-02-15T14:07:49.854Z] E0215 16:07:49.853746   29848 watch.go:40] Failed to load config from "c:\\Users\\Omer Cohen\\wizbi\\template-base\\dataconnect": could not find dataconnect.yaml in `c:\Users\Omer Cohen\wizbi\template-base\dataconnect`
 {"metadata":{"emulator":{"name":"dataconnect"},"message":"E0215 16:07:49.853746   29848 watch.go:40] Failed to load config from \"c:\\\\Users\\\\Omer Cohen\\\\wizbi\\\\template-base\\\\dataconnect\": could not find dataconnect.yaml in `c:\\Users\\Omer Cohen\\wizbi\\template-base\\dataconnect`\n"}}
[debug] [2026-02-15T14:07:49.858Z] E0215 16:07:49.853219   29848 watch.go:116] watchAllDir unable to walk dir `c:\Users\Omer Cohen\wizbi\template-base\dataconnect`: CreateFile c:\Users\Omer Cohen\wizbi\template-base\dataconnect: The system cannot find the file specified.
 {"metadata":{"emulator":{"name":"dataconnect"},"message":"E0215 16:07:49.853219   29848 watch.go:116] watchAllDir unable to walk dir `c:\\Users\\Omer Cohen\\wizbi\\template-base\\dataconnect`: CreateFile c:\\Users\\Omer Cohen\\wizbi\\template-base\\dataconnect: The system cannot find the file specified.\n"}}
[debug] [2026-02-15T14:07:59.854Z] E0215 16:07:59.854036   29848 watch.go:40] Failed to load config from "c:\\Users\\Omer Cohen\\wizbi\\template-base\\dataconnect": could not find dataconnect.yaml in `c:\Users\Omer Cohen\wizbi\template-base\dataconnect`
 {"metadata":{"emulator":{"name":"dataconnect"},"message":"E0215 16:07:59.854036   29848 watch.go:40] Failed to load config from \"c:\\\\Users\\\\Omer Cohen\\\\wizbi\\\\template-base\\\\dataconnect\": could not find dataconnect.yaml in `c:\\Users\\Omer Cohen\\wizbi\\template-base\\dataconnect`\n"}}
[debug] [2026-02-15T14:08:09.854Z] E0215 16:08:09.853737   29848 watch.go:40] Failed to load config from "c:\\Users\\Omer Cohen\\wizbi\\template-base\\dataconnect": could not find dataconnect.yaml in `c:\Users\Omer Cohen\wizbi\template-base\dataconnect`
 {"metadata":{"emulator":{"name":"dataconnect"},"message":"E0215 16:08:09.853737   29848 watch.go:40] Failed to load config from \"c:\\\\Users\\\\Omer Cohen\\\\wizbi\\\\template-base\\\\dataconnect\": could not find dataconnect.yaml in `c:\\Users\\Omer Cohen\\wizbi\\template-base\\dataconnect`\n"}}
